\BOOKMARK [1][-]{section.1}{\376\377\000P\000o\000w\000e\000r\000\040\000I\000t\000e\000r\000a\000t\000i\000o\000n}{}% 1
\BOOKMARK [2][-]{subsection.1.1}{\376\377\000P\000o\000w\000e\000r\000\040\000I\000t\000e\000r\000a\000t\000i\000o\000n\000\040\000M\000e\000t\000h\000o\000d}{section.1}% 2
\BOOKMARK [2][-]{subsection.1.2}{\376\377\000T\000i\000m\000e\000\040\000C\000o\000m\000p\000l\000e\000x\000i\000t\000y}{section.1}% 3
\BOOKMARK [2][-]{subsection.1.3}{\376\377\000C\000o\000n\000v\000e\000r\000g\000e\000n\000c\000e\000\040\000a\000n\000d\000\040\000U\000s\000a\000g\000e}{section.1}% 4
\BOOKMARK [2][-]{subsection.1.4}{\376\377\000A\000p\000p\000l\000i\000c\000a\000t\000i\000o\000n\000s}{section.1}% 5
\BOOKMARK [2][-]{subsection.1.5}{\376\377\000C\000o\000n\000c\000l\000u\000s\000i\000o\000n}{section.1}% 6
\BOOKMARK [1][-]{section.2}{\376\377\000Q\000R\000\040\000A\000l\000g\000o\000r\000i\000t\000h\000m}{}% 7
\BOOKMARK [2][-]{subsection.2.1}{\376\377\000Q\000R\000\040\000A\000l\000g\000o\000r\000i\000t\000h\000m\000\040\000O\000v\000e\000r\000v\000i\000e\000w}{section.2}% 8
\BOOKMARK [2][-]{subsection.2.2}{\376\377\000C\000o\000n\000v\000e\000r\000g\000e\000n\000c\000e\000\040\000a\000n\000d\000\040\000S\000u\000i\000t\000a\000b\000i\000l\000i\000t\000y}{section.2}% 9
\BOOKMARK [2][-]{subsection.2.3}{\376\377\000T\000i\000m\000e\000\040\000C\000o\000m\000p\000l\000e\000x\000i\000t\000y}{section.2}% 10
\BOOKMARK [2][-]{subsection.2.4}{\376\377\000A\000p\000p\000l\000i\000c\000a\000t\000i\000o\000n\000s\000\040\000o\000f\000\040\000t\000h\000e\000\040\000Q\000R\000\040\000A\000l\000g\000o\000r\000i\000t\000h\000m}{section.2}% 11
\BOOKMARK [2][-]{subsection.2.5}{\376\377\000M\000o\000d\000i\000f\000i\000e\000d\000\040\000Q\000R\000\040\000A\000l\000g\000o\000r\000i\000t\000h\000m\000\040\000\050\000S\000h\000i\000f\000t\000e\000d\000\040\000Q\000R\000\040\000A\000l\000g\000o\000r\000i\000t\000h\000m\000\051}{section.2}% 12
\BOOKMARK [2][-]{subsection.2.6}{\376\377\000C\000o\000n\000c\000l\000u\000s\000i\000o\000n}{section.2}% 13
\BOOKMARK [1][-]{section.3}{\376\377\000J\000a\000c\000o\000b\000i}{}% 14
\BOOKMARK [2][-]{subsection.3.1}{\376\377\000J\000a\000c\000o\000b\000i\000\040\000A\000l\000g\000o\000r\000i\000t\000h\000m\000\040\000O\000v\000e\000r\000v\000i\000e\000w}{section.3}% 15
\BOOKMARK [2][-]{subsection.3.2}{\376\377\000C\000o\000n\000v\000e\000r\000g\000e\000n\000c\000e\000\040\000a\000n\000d\000\040\000A\000p\000p\000l\000i\000c\000a\000t\000i\000o\000n\000s}{section.3}% 16
\BOOKMARK [2][-]{subsection.3.3}{\376\377\000T\000i\000m\000e\000\040\000C\000o\000m\000p\000l\000e\000x\000i\000t\000y}{section.3}% 17
\BOOKMARK [2][-]{subsection.3.4}{\376\377\000C\000o\000n\000c\000l\000u\000s\000i\000o\000n}{section.3}% 18
\BOOKMARK [1][-]{section.4}{\376\377\000C\000o\000m\000p\000a\000r\000i\000s\000o\000n\000\040\000a\000n\000d\000\040\000C\000h\000o\000i\000c\000e\000\040\000o\000f\000\040\000Q\000R\000\040\000A\000l\000g\000o\000r\000i\000t\000h\000m}{}% 19
\BOOKMARK [1][-]{section.5}{\376\377\000G\000r\000a\000m\000-\000S\000c\000h\000m\000i\000t\000h\000\040\000p\000r\000o\000c\000e\000s\000s}{}% 20
\BOOKMARK [2][-]{subsection.5.1}{\376\377\000S\000t\000e\000p\000s\000\040\000o\000f\000\040\000t\000h\000e\000\040\000G\000r\000a\000m\000-\000S\000c\000h\000m\000i\000d\000t\000\040\000P\000r\000o\000c\000e\000s\000s}{section.5}% 21
\BOOKMARK [2][-]{subsection.5.2}{\376\377\000R\000e\000s\000u\000l\000t\000:}{section.5}% 22
